<?xml version="1.0" encoding="UTF-8"?>
<testng-results skipped="0" failed="1" ignored="0" total="5" passed="4">
  <reporter-output>
  </reporter-output>
  <suite name="Default suite" duration-ms="4710" started-at="2021-06-07T15:31:34 UTC" finished-at="2021-06-07T15:31:39 UTC">
    <groups>
    </groups>
    <test name="Default test" duration-ms="4710" started-at="2021-06-07T15:31:34 UTC" finished-at="2021-06-07T15:31:39 UTC">
      <class name="com.ecom.selenium.external.elements.DemoCheckBoxTest">
        <test-method status="PASS" signature="setUpDriver()[pri:0, instance:com.ecom.selenium.external.elements.DemoCheckBoxTest@10bbd20a]" name="setUpDriver" is-config="true" duration-ms="943" started-at="2021-06-07T15:31:34 UTC" finished-at="2021-06-07T15:31:35 UTC">
          <reporter-output>
          </reporter-output>
        </test-method> <!-- setUpDriver -->
        <test-method status="FAIL" signature="selectByIndex()[pri:0, instance:com.ecom.selenium.external.elements.DemoCheckBoxTest@10bbd20a]" name="selectByIndex" duration-ms="148" started-at="2021-06-07T15:31:35 UTC" finished-at="2021-06-07T15:31:35 UTC">
          <exception class="java.lang.AssertionError">
            <message>
              <![CDATA[expected [I have a Cycle] but found [I have a C]]]>
            </message>
            <full-stacktrace>
              <![CDATA[java.lang.AssertionError: expected [I have a Cycle] but found [I have a C]
at org.testng.Assert.fail(Assert.java:99)
at org.testng.Assert.failNotEquals(Assert.java:1037)
at org.testng.Assert.assertEqualsImpl(Assert.java:140)
at org.testng.Assert.assertEquals(Assert.java:122)
at org.testng.Assert.assertEquals(Assert.java:629)
at org.testng.Assert.assertEquals(Assert.java:639)
at com.ecom.selenium.external.elements.DemoCheckBoxTest.selectByIndex(DemoCheckBoxTest.java:72)
at sun.reflect.NativeMethodAccessorImpl.invoke0(Native Method)
at sun.reflect.NativeMethodAccessorImpl.invoke(NativeMethodAccessorImpl.java:62)
at sun.reflect.DelegatingMethodAccessorImpl.invoke(DelegatingMethodAccessorImpl.java:43)
at java.lang.reflect.Method.invoke(Method.java:498)
at org.testng.internal.MethodInvocationHelper.invokeMethod(MethodInvocationHelper.java:132)
at org.testng.internal.TestInvoker.invokeMethod(TestInvoker.java:599)
at org.testng.internal.TestInvoker.invokeTestMethod(TestInvoker.java:174)
at org.testng.internal.MethodRunner.runInSequence(MethodRunner.java:46)
at org.testng.internal.TestInvoker$MethodInvocationAgent.invoke(TestInvoker.java:822)
at org.testng.internal.TestInvoker.invokeTestMethods(TestInvoker.java:147)
at org.testng.internal.TestMethodWorker.invokeTestMethods(TestMethodWorker.java:146)
at org.testng.internal.TestMethodWorker.run(TestMethodWorker.java:128)
at java.util.ArrayList.forEach(ArrayList.java:1259)
at org.testng.TestRunner.privateRun(TestRunner.java:764)
at org.testng.TestRunner.run(TestRunner.java:585)
at org.testng.SuiteRunner.runTest(SuiteRunner.java:384)
at org.testng.SuiteRunner.runSequentially(SuiteRunner.java:378)
at org.testng.SuiteRunner.privateRun(SuiteRunner.java:337)
at org.testng.SuiteRunner.run(SuiteRunner.java:286)
at org.testng.SuiteRunnerWorker.runSuite(SuiteRunnerWorker.java:53)
at org.testng.SuiteRunnerWorker.run(SuiteRunnerWorker.java:96)
at org.testng.TestNG.runSuitesSequentially(TestNG.java:1218)
at org.testng.TestNG.runSuitesLocally(TestNG.java:1140)
at org.testng.TestNG.runSuites(TestNG.java:1069)
at org.testng.TestNG.run(TestNG.java:1037)
at org.testng.remote.AbstractRemoteTestNG.run(AbstractRemoteTestNG.java:115)
at org.testng.remote.RemoteTestNG.initAndRun(RemoteTestNG.java:251)
at org.testng.remote.RemoteTestNG.main(RemoteTestNG.java:77)
]]>
            </full-stacktrace>
          </exception> <!-- java.lang.AssertionError -->
          <reporter-output>
          </reporter-output>
        </test-method> <!-- selectByIndex -->
        <test-method status="PASS" signature="closeDriver()[pri:0, instance:com.ecom.selenium.external.elements.DemoCheckBoxTest@10bbd20a]" name="closeDriver" is-config="true" duration-ms="67" started-at="2021-06-07T15:31:35 UTC" finished-at="2021-06-07T15:31:35 UTC">
          <reporter-output>
          </reporter-output>
        </test-method> <!-- closeDriver -->
        <test-method status="PASS" signature="setUpDriver()[pri:0, instance:com.ecom.selenium.external.elements.DemoCheckBoxTest@10bbd20a]" name="setUpDriver" is-config="true" duration-ms="696" started-at="2021-06-07T15:31:35 UTC" finished-at="2021-06-07T15:31:36 UTC">
          <reporter-output>
          </reporter-output>
        </test-method> <!-- setUpDriver -->
        <test-method status="PASS" signature="verfiyCheckBoxExistTest()[pri:0, instance:com.ecom.selenium.external.elements.DemoCheckBoxTest@10bbd20a]" name="verfiyCheckBoxExistTest" duration-ms="47" started-at="2021-06-07T15:31:36 UTC" finished-at="2021-06-07T15:31:36 UTC">
          <reporter-output>
          </reporter-output>
        </test-method> <!-- verfiyCheckBoxExistTest -->
        <test-method status="PASS" signature="closeDriver()[pri:0, instance:com.ecom.selenium.external.elements.DemoCheckBoxTest@10bbd20a]" name="closeDriver" is-config="true" duration-ms="111" started-at="2021-06-07T15:31:36 UTC" finished-at="2021-06-07T15:31:36 UTC">
          <reporter-output>
          </reporter-output>
        </test-method> <!-- closeDriver -->
        <test-method status="PASS" signature="setUpDriver()[pri:0, instance:com.ecom.selenium.external.elements.DemoCheckBoxTest@10bbd20a]" name="setUpDriver" is-config="true" duration-ms="670" started-at="2021-06-07T15:31:36 UTC" finished-at="2021-06-07T15:31:37 UTC">
          <reporter-output>
          </reporter-output>
        </test-method> <!-- setUpDriver -->
        <test-method status="PASS" signature="verifyCheckboxSelection()[pri:0, instance:com.ecom.selenium.external.elements.DemoCheckBoxTest@10bbd20a]" name="verifyCheckboxSelection" duration-ms="147" started-at="2021-06-07T15:31:37 UTC" finished-at="2021-06-07T15:31:37 UTC">
          <reporter-output>
          </reporter-output>
        </test-method> <!-- verifyCheckboxSelection -->
        <test-method status="PASS" signature="closeDriver()[pri:0, instance:com.ecom.selenium.external.elements.DemoCheckBoxTest@10bbd20a]" name="closeDriver" is-config="true" duration-ms="120" started-at="2021-06-07T15:31:37 UTC" finished-at="2021-06-07T15:31:37 UTC">
          <reporter-output>
          </reporter-output>
        </test-method> <!-- closeDriver -->
        <test-method status="PASS" signature="setUpDriver()[pri:0, instance:com.ecom.selenium.external.elements.DemoCheckBoxTest@10bbd20a]" name="setUpDriver" is-config="true" duration-ms="651" started-at="2021-06-07T15:31:37 UTC" finished-at="2021-06-07T15:31:38 UTC">
          <reporter-output>
          </reporter-output>
        </test-method> <!-- setUpDriver -->
        <test-method status="PASS" signature="verifyDefaultCheckBoxTest()[pri:0, instance:com.ecom.selenium.external.elements.DemoCheckBoxTest@10bbd20a]" name="verifyDefaultCheckBoxTest" duration-ms="49" started-at="2021-06-07T15:31:38 UTC" finished-at="2021-06-07T15:31:38 UTC">
          <reporter-output>
          </reporter-output>
        </test-method> <!-- verifyDefaultCheckBoxTest -->
        <test-method status="PASS" signature="closeDriver()[pri:0, instance:com.ecom.selenium.external.elements.DemoCheckBoxTest@10bbd20a]" name="closeDriver" is-config="true" duration-ms="118" started-at="2021-06-07T15:31:38 UTC" finished-at="2021-06-07T15:31:38 UTC">
          <reporter-output>
          </reporter-output>
        </test-method> <!-- closeDriver -->
        <test-method status="PASS" signature="setUpDriver()[pri:0, instance:com.ecom.selenium.external.elements.DemoCheckBoxTest@10bbd20a]" name="setUpDriver" is-config="true" duration-ms="690" started-at="2021-06-07T15:31:38 UTC" finished-at="2021-06-07T15:31:39 UTC">
          <reporter-output>
          </reporter-output>
        </test-method> <!-- setUpDriver -->
        <test-method status="PASS" signature="verifyDropDown()[pri:0, instance:com.ecom.selenium.external.elements.DemoCheckBoxTest@10bbd20a]" name="verifyDropDown" duration-ms="78" started-at="2021-06-07T15:31:39 UTC" finished-at="2021-06-07T15:31:39 UTC">
          <reporter-output>
          </reporter-output>
        </test-method> <!-- verifyDropDown -->
        <test-method status="PASS" signature="closeDriver()[pri:0, instance:com.ecom.selenium.external.elements.DemoCheckBoxTest@10bbd20a]" name="closeDriver" is-config="true" duration-ms="114" started-at="2021-06-07T15:31:39 UTC" finished-at="2021-06-07T15:31:39 UTC">
          <reporter-output>
          </reporter-output>
        </test-method> <!-- closeDriver -->
      </class> <!-- com.ecom.selenium.external.elements.DemoCheckBoxTest -->
    </test> <!-- Default test -->
  </suite> <!-- Default suite -->
</testng-results>
